0 verbose cli C:\Program Files\nodejs\node.exe C:\Program Files\nodejs\node_modules\npm\bin\npm-cli.js
1 info using npm@10.2.4
2 info using node@v20.11.1
3 timing npm:load:whichnode Completed in 2ms
4 timing config:load:defaults Completed in 1ms
5 timing config:load:file:C:\Program Files\nodejs\node_modules\npm\npmrc Completed in 5ms
6 timing config:load:builtin Completed in 5ms
7 timing config:load:cli Completed in 1ms
8 timing config:load:env Completed in 1ms
9 timing config:load:file:C:\Users\Kira\Desktop\julia makeup\api\.npmrc Completed in 0ms
10 timing config:load:project Completed in 2ms
11 timing config:load:file:C:\Users\Kira\.npmrc Completed in 0ms
12 timing config:load:user Completed in 1ms
13 timing config:load:file:C:\Users\Kira\AppData\Roaming\npm\etc\npmrc Completed in 0ms
14 timing config:load:global Completed in 0ms
15 timing config:load:setEnvs Completed in 0ms
16 timing config:load Completed in 12ms
17 timing npm:load:configload Completed in 13ms
18 timing config:load:flatten Completed in 1ms
19 timing npm:load:mkdirpcache Completed in 1ms
20 timing npm:load:mkdirplogs Completed in 0ms
21 verbose title npm install
22 verbose argv "install" "--cache" ".npm-cache"
23 timing npm:load:setTitle Completed in 1ms
24 timing npm:load:display Completed in 0ms
25 verbose logfile logs-max:10 dir:C:\Users\Kira\Desktop\julia makeup\api\.npm-cache\_logs\2026-06-06T11_44_17_428Z-
26 verbose logfile C:\Users\Kira\Desktop\julia makeup\api\.npm-cache\_logs\2026-06-06T11_44_17_428Z-debug-0.log
27 timing npm:load:logFile Completed in 23ms
28 timing npm:load:timers Completed in 0ms
29 timing npm:load:configScope Completed in 0ms
30 timing npm:load Completed in 64ms
31 timing arborist:ctor Completed in 1ms
32 silly logfile done cleaning log files
33 timing idealTree:init Completed in 34ms
34 timing idealTree:userRequests Completed in 0ms
35 silly idealTree buildDeps
36 timing idealTree:#root Completed in 0ms
37 timing idealTree:buildDeps Completed in 1ms
38 timing idealTree:fixDepFlags Completed in 0ms
39 timing idealTree Completed in 37ms
40 verbose shrinkwrap failed to load node_modules/.package-lock.json out of date, updated: node_modules
41 timing reify:loadTrees Completed in 56ms
42 timing reify:diffTrees Completed in 4ms
43 silly reify moves {}
44 timing reify:retireShallow Completed in 1ms
45 timing reify:createSparse Completed in 11ms
46 timing reify:loadBundles Completed in 0ms
47 silly audit bulk request {
47 silly audit   accepts: [ '2.0.0' ],
47 silly audit   'append-field': [ '1.0.0' ],
47 silly audit   bcrypt: [ '6.0.0' ],
47 silly audit   'body-parser': [ '2.2.2' ],
47 silly audit   'buffer-equal-constant-time': [ '1.0.1' ],
47 silly audit   'buffer-from': [ '1.1.2' ],
47 silly audit   busboy: [ '1.6.0' ],
47 silly audit   bytes: [ '3.1.2' ],
47 silly audit   'call-bind-apply-helpers': [ '1.0.2' ],
47 silly audit   'call-bound': [ '1.0.4' ],
47 silly audit   cloudinary: [ '1.41.3' ],
47 silly audit   'cloudinary-core': [ '2.14.1' ],
47 silly audit   'concat-stream': [ '2.0.0' ],
47 silly audit   'content-disposition': [ '1.0.1' ],
47 silly audit   'content-type': [ '1.0.5' ],
47 silly audit   cookie: [ '0.7.2' ],
47 silly audit   'cookie-signature': [ '1.2.2' ],
47 silly audit   'core-js': [ '3.49.0' ],
47 silly audit   cors: [ '2.8.5' ],
47 silly audit   debug: [ '4.4.3' ],
47 silly audit   depd: [ '2.0.0' ],
47 silly audit   'dunder-proto': [ '1.0.1' ],
47 silly audit   'ecdsa-sig-formatter': [ '1.0.11' ],
47 silly audit   'ee-first': [ '1.1.1' ],
47 silly audit   encodeurl: [ '2.0.0' ],
47 silly audit   'es-define-property': [ '1.0.1' ],
47 silly audit   'es-errors': [ '1.3.0' ],
47 silly audit   'es-object-atoms': [ '1.1.1' ],
47 silly audit   'escape-html': [ '1.0.3' ],
47 silly audit   etag: [ '1.8.1' ],
47 silly audit   express: [ '5.2.1' ],
47 silly audit   finalhandler: [ '2.1.1' ],
47 silly audit   forwarded: [ '0.2.0' ],
47 silly audit   fresh: [ '2.0.0' ],
47 silly audit   'function-bind': [ '1.1.2' ],
47 silly audit   'get-intrinsic': [ '1.3.0' ],
47 silly audit   'get-proto': [ '1.0.1' ],
47 silly audit   gopd: [ '1.2.0' ],
47 silly audit   'has-symbols': [ '1.1.0' ],
47 silly audit   hasown: [ '2.0.2' ],
47 silly audit   'http-errors': [ '2.0.1' ],
47 silly audit   'iconv-lite': [ '0.7.2' ],
47 silly audit   inherits: [ '2.0.4' ],
47 silly audit   'ipaddr.js': [ '1.9.1' ],
47 silly audit   'is-promise': [ '4.0.0' ],
47 silly audit   jsonwebtoken: [ '9.0.3' ],
47 silly audit   jwa: [ '2.0.1' ],
47 silly audit   jws: [ '4.0.1' ],
47 silly audit   lodash: [ '4.18.1' ],
47 silly audit   'lodash.includes': [ '4.3.0' ],
47 silly audit   'lodash.isboolean': [ '3.0.3' ],
47 silly audit   'lodash.isinteger': [ '4.0.4' ],
47 silly audit   'lodash.isnumber': [ '3.0.3' ],
47 silly audit   'lodash.isplainobject': [ '4.0.6' ],
47 silly audit   'lodash.isstring': [ '4.0.1' ],
47 silly audit   'lodash.once': [ '4.1.1' ],
47 silly audit   'math-intrinsics': [ '1.1.0' ],
47 silly audit   'media-typer': [ '1.1.0', '0.3.0' ],
47 silly audit   'merge-descriptors': [ '2.0.0' ],
47 silly audit   'mime-db': [ '1.54.0', '1.52.0' ],
47 silly audit   'mime-types': [ '3.0.2', '2.1.35' ],
47 silly audit   ms: [ '2.1.3' ],
47 silly audit   multer: [ '2.1.1' ],
47 silly audit   'multer-storage-cloudinary': [ '4.0.0' ],
47 silly audit   'type-is': [ '1.6.18', '2.0.1' ],
47 silly audit   negotiator: [ '1.0.0' ],
47 silly audit   'node-addon-api': [ '8.5.0' ],
47 silly audit   'node-gyp-build': [ '4.8.4' ],
47 silly audit   'object-assign': [ '4.1.1' ],
47 silly audit   'object-inspect': [ '1.13.4' ],
47 silly audit   'on-finished': [ '2.4.1' ],
47 silly audit   once: [ '1.4.0' ],
47 silly audit   parseurl: [ '1.3.3' ],
47 silly audit   'path-to-regexp': [ '8.3.0' ],
47 silly audit   'proxy-addr': [ '2.0.7' ],
47 silly audit   q: [ '1.5.1' ],
47 silly audit   qs: [ '6.14.1' ],
47 silly audit   'range-parser': [ '1.2.1' ],
47 silly audit   'raw-body': [ '3.0.2' ],
47 silly audit   'readable-stream': [ '3.6.2' ],
47 silly audit   router: [ '2.2.0' ],
47 silly audit   'safe-buffer': [ '5.2.1' ],
47 silly audit   'safer-buffer': [ '2.1.2' ],
47 silly audit   semver: [ '7.7.3' ],
47 silly audit   send: [ '1.2.1' ],
47 silly audit   'serve-static': [ '2.2.1' ],
47 silly audit   setprototypeof: [ '1.2.0' ],
47 silly audit   'side-channel': [ '1.1.0' ],
47 silly audit   'side-channel-list': [ '1.0.0' ],
47 silly audit   'side-channel-map': [ '1.0.1' ],
47 silly audit   'side-channel-weakmap': [ '1.0.2' ],
47 silly audit   statuses: [ '2.0.2' ],
47 silly audit   streamsearch: [ '1.1.0' ],
47 silly audit   string_decoder: [ '1.3.0' ],
47 silly audit   toidentifier: [ '1.0.1' ],
47 silly audit   typedarray: [ '0.0.6' ],
47 silly audit   unpipe: [ '1.0.0' ],
47 silly audit   'util-deprecate': [ '1.0.2' ],
47 silly audit   vary: [ '1.1.2' ],
47 silly audit   wrappy: [ '1.0.2' ]
47 silly audit }
48 silly tarball no local data for util-deprecate@https://registry.npmjs.org/util-deprecate/-/util-deprecate-1.0.2.tgz. Extracting by manifest.
49 silly tarball no local data for streamsearch@https://registry.npmjs.org/streamsearch/-/streamsearch-1.1.0.tgz. Extracting by manifest.
50 silly tarball no local data for string_decoder@https://registry.npmjs.org/string_decoder/-/string_decoder-1.3.0.tgz. Extracting by manifest.
51 silly tarball no local data for multer@https://registry.npmjs.org/multer/-/multer-2.1.1.tgz. Extracting by manifest.
52 silly tarball no local data for typedarray@https://registry.npmjs.org/typedarray/-/typedarray-0.0.6.tgz. Extracting by manifest.
53 silly tarball no local data for q@https://registry.npmjs.org/q/-/q-1.5.1.tgz. Extracting by manifest.
54 silly tarball no local data for readable-stream@https://registry.npmjs.org/readable-stream/-/readable-stream-3.6.2.tgz. Extracting by manifest.
55 silly tarball no local data for multer-storage-cloudinary@https://registry.npmjs.org/multer-storage-cloudinary/-/multer-storage-cloudinary-4.0.0.tgz. Extracting by manifest.
56 silly tarball no local data for lodash@https://registry.npmjs.org/lodash/-/lodash-4.18.1.tgz. Extracting by manifest.
57 silly tarball no local data for concat-stream@https://registry.npmjs.org/concat-stream/-/concat-stream-2.0.0.tgz. Extracting by manifest.
58 silly tarball no local data for core-js@https://registry.npmjs.org/core-js/-/core-js-3.49.0.tgz. Extracting by manifest.
59 silly tarball no local data for cloudinary-core@https://registry.npmjs.org/cloudinary-core/-/cloudinary-core-2.14.1.tgz. Extracting by manifest.
60 silly tarball no local data for buffer-from@https://registry.npmjs.org/buffer-from/-/buffer-from-1.1.2.tgz. Extracting by manifest.
61 silly tarball no local data for type-is@https://registry.npmjs.org/type-is/-/type-is-1.6.18.tgz. Extracting by manifest.
62 silly tarball no local data for media-typer@https://registry.npmjs.org/media-typer/-/media-typer-0.3.0.tgz. Extracting by manifest.
63 silly tarball no local data for mime-types@https://registry.npmjs.org/mime-types/-/mime-types-2.1.35.tgz. Extracting by manifest.
64 silly tarball no local data for append-field@https://registry.npmjs.org/append-field/-/append-field-1.0.0.tgz. Extracting by manifest.
65 silly tarball no local data for mime-db@https://registry.npmjs.org/mime-db/-/mime-db-1.52.0.tgz. Extracting by manifest.
66 silly tarball no local data for busboy@https://registry.npmjs.org/busboy/-/busboy-1.6.0.tgz. Extracting by manifest.
67 silly tarball no local data for cloudinary@https://registry.npmjs.org/cloudinary/-/cloudinary-1.41.3.tgz. Extracting by manifest.
68 http fetch GET 200 https://registry.npmjs.org/concat-stream/-/concat-stream-2.0.0.tgz 303ms (cache miss)
69 timing reifyNode:node_modules/concat-stream Completed in 363ms
70 http fetch GET 200 https://registry.npmjs.org/util-deprecate/-/util-deprecate-1.0.2.tgz 309ms (cache miss)
71 http fetch GET 200 https://registry.npmjs.org/media-typer/-/media-typer-0.3.0.tgz 303ms (cache miss)
72 timing reifyNode:node_modules/multer/node_modules/media-typer Completed in 364ms
73 http fetch GET 200 https://registry.npmjs.org/string_decoder/-/string_decoder-1.3.0.tgz 308ms (cache miss)
74 timing reifyNode:node_modules/string_decoder Completed in 366ms
75 http fetch GET 200 https://registry.npmjs.org/buffer-from/-/buffer-from-1.1.2.tgz 305ms (cache miss)
76 timing reifyNode:node_modules/buffer-from Completed in 366ms
77 timing reifyNode:node_modules/util-deprecate Completed in 369ms
78 http fetch GET 200 https://registry.npmjs.org/type-is/-/type-is-1.6.18.tgz 311ms (cache miss)
79 timing reifyNode:node_modules/multer/node_modules/type-is Completed in 373ms
80 http fetch GET 200 https://registry.npmjs.org/mime-types/-/mime-types-2.1.35.tgz 318ms (cache miss)
81 timing reifyNode:node_modules/multer/node_modules/mime-types Completed in 381ms
82 http fetch GET 200 https://registry.npmjs.org/append-field/-/append-field-1.0.0.tgz 319ms (cache miss)
83 http fetch POST 200 https://registry.npmjs.org/-/npm/v1/security/advisories/bulk 391ms
84 timing auditReport:getReport Completed in 393ms
85 silly audit report {
85 silly audit report   cloudinary: [
85 silly audit report     {
85 silly audit report       id: 1109723,
85 silly audit report       url: 'https://github.com/advisories/GHSA-g4mf-96x5-5m2c',
85 silly audit report       title: 'Cloudinary Node SDK is vulnerable to Arbitrary Argument Injection through parameters that include an ampersand',
85 silly audit report       severity: 'high',
85 silly audit report       vulnerable_versions: '<2.7.0',
85 silly audit report       cwe: [Array],
85 silly audit report       cvss: [Object]
85 silly audit report     }
85 silly audit report   ],
85 silly audit report   'path-to-regexp': [
85 silly audit report     {
85 silly audit report       id: 1115573,
85 silly audit report       url: 'https://github.com/advisories/GHSA-j3q9-mxjg-w52f',
85 silly audit report       title: 'path-to-regexp vulnerable to Denial of Service via sequential optional groups',
85 silly audit report       severity: 'high',
85 silly audit report       vulnerable_versions: '>=8.0.0 <8.4.0',
85 silly audit report       cwe: [Array],
85 silly audit report       cvss: [Object]
85 silly audit report     },
85 silly audit report     {
85 silly audit report       id: 1115582,
85 silly audit report       url: 'https://github.com/advisories/GHSA-27v5-c462-wpq7',
85 silly audit report       title: 'path-to-regexp vulnerable to Regular Expression Denial of Service via multiple wildcards',
85 silly audit report       severity: 'moderate',
85 silly audit report       vulnerable_versions: '>=8.0.0 <8.4.0',
85 silly audit report       cwe: [Array],
85 silly audit report       cvss: [Object]
85 silly audit report     }
85 silly audit report   ],
85 silly audit report   qs: [
85 silly audit report     {
85 silly audit report       id: 1119502,
85 silly audit report       url: 'https://github.com/advisories/GHSA-q8mj-m7cp-5q26',
85 silly audit report       title: 'qs has a remotely triggerable DoS: qs.stringify crashes with TypeError on null/undefined entries in comma-format arrays when encodeValuesOnly is set',
85 silly audit report       severity: 'moderate',
85 silly audit report       vulnerable_versions: '>=6.11.1 <=6.15.1',
85 silly audit report       cwe: [Array],
85 silly audit report       cvss: [Object]
85 silly audit report     },
85 silly audit report     {
85 silly audit report       id: 1113161,
85 silly audit report       url: 'https://github.com/advisories/GHSA-w7fw-mjwx-w883',
85 silly audit report       title: "qs's arrayLimit bypass in comma parsing allows denial of service",
85 silly audit report       severity: 'low',
85 silly audit report       vulnerable_versions: '>=6.7.0 <=6.14.1',
85 silly audit report       cwe: [Array],
85 silly audit report       cvss: [Object]
85 silly audit report     }
85 silly audit report   ]
85 silly audit report }
86 http fetch GET 200 https://registry.npmjs.org/typedarray/-/typedarray-0.0.6.tgz 335ms (cache miss)
87 timing reifyNode:node_modules/append-field Completed in 393ms
88 timing metavuln:cache:get:security-advisory:cloudinary:ntXsaU3LHYWLw70DcYQ7w6XC6ybnbCt76gAYmvGbO05taTCHTrgUEnQjGRSkWO2D54g/cQDsBT7fEnfxTClkPw== Completed in 5ms
89 timing metavuln:cache:get:security-advisory:path-to-regexp:wYg22v1NfNY6WIsBiruQsrpd8+Ecg01qP1ndZVzVqkuraEYAqQXQwLJeDomBFbS+6cgu5Es7iYz9S6VvR56mIA== Completed in 3ms
90 timing metavuln:cache:get:security-advisory:path-to-regexp:Sjg1UmmfeOw94MZlAcS3ii61l7C6ePzOlxjnssfD9vvuERRlOOked+o2XX0qGupUQ/tGaWbM+XpD1eyo8MMmNw== Completed in 3ms
91 timing metavuln:cache:get:security-advisory:qs:qvnFu5Nxt6nk4ZnzBM90Jkp6uhl+WmmOIhp+23qQRnTmnSs41hgsdsDx5uj/JdS2OgYbGnp6tGqfy7F4YN2CIQ== Completed in 3ms
92 timing metavuln:cache:get:security-advisory:qs:vVSN+MRVpdux32gCUfPGidHUGmS/0G5Ziwtmb1YXw3NARw1r47LtySeR7yFf/LZ4sKzi41443WWDDZzPHuCh9g== Completed in 2ms
93 timing reifyNode:node_modules/typedarray Completed in 399ms
94 http fetch GET 200 https://registry.npmjs.org/streamsearch/-/streamsearch-1.1.0.tgz 345ms (cache miss)
95 timing reifyNode:node_modules/streamsearch Completed in 402ms
96 http fetch GET 200 https://registry.npmjs.org/multer-storage-cloudinary/-/multer-storage-cloudinary-4.0.0.tgz 362ms (cache miss)
97 timing reifyNode:node_modules/multer-storage-cloudinary Completed in 422ms
98 http fetch GET 200 https://registry.npmjs.org/mime-db/-/mime-db-1.52.0.tgz 360ms (cache miss)
99 timing reifyNode:node_modules/multer/node_modules/mime-db Completed in 424ms
100 http fetch GET 200 https://registry.npmjs.org/multer/-/multer-2.1.1.tgz 371ms (cache miss)
101 timing reifyNode:node_modules/multer Completed in 429ms
102 http fetch GET 200 https://registry.npmjs.org/q/-/q-1.5.1.tgz 371ms (cache miss)
103 warn deprecated q@1.5.1: You or someone you depend on is using Q, the JavaScript Promise library that gave JavaScript developers strong feelings about promises. They can almost certainly migrate to the native JavaScript promise now. Thank you literally everyone for joining me in this bet against the odds. Be excellent to each other.
103 warn deprecated
103 warn deprecated (For a CapTP with native promises, see @endo/eventual-send and @endo/captp)
104 timing reifyNode:node_modules/q Completed in 431ms
105 http fetch GET 200 https://registry.npmjs.org/path-to-regexp 92ms (cache miss)
106 timing metavuln:packument:path-to-regexp Completed in 93ms
107 timing metavuln:load:security-advisory:path-to-regexp:1115573 Completed in 2ms
108 timing metavuln:load:security-advisory:path-to-regexp:1115582 Completed in 1ms
109 http fetch GET 200 https://registry.npmjs.org/busboy/-/busboy-1.6.0.tgz 427ms (cache miss)
110 timing reifyNode:node_modules/busboy Completed in 497ms
111 http fetch GET 200 https://registry.npmjs.org/qs 110ms (cache miss)
112 timing metavuln:packument:qs Completed in 112ms
113 timing metavuln:load:security-advisory:qs:1119502 Completed in 2ms
114 timing metavuln:load:security-advisory:qs:1113161 Completed in 2ms
115 timing metavuln:cache:put:security-advisory:path-to-regexp:Sjg1UmmfeOw94MZlAcS3ii61l7C6ePzOlxjnssfD9vvuERRlOOked+o2XX0qGupUQ/tGaWbM+XpD1eyo8MMmNw== Completed in 26ms
116 timing metavuln:calculate:security-advisory:path-to-regexp:1115582 Completed in 123ms
117 timing metavuln:cache:put:security-advisory:path-to-regexp:wYg22v1NfNY6WIsBiruQsrpd8+Ecg01qP1ndZVzVqkuraEYAqQXQwLJeDomBFbS+6cgu5Es7iYz9S6VvR56mIA== Completed in 28ms
118 timing metavuln:calculate:security-advisory:path-to-regexp:1115573 Completed in 124ms
119 http fetch GET 200 https://registry.npmjs.org/readable-stream/-/readable-stream-3.6.2.tgz 464ms (cache miss)
120 timing reifyNode:node_modules/readable-stream Completed in 523ms
121 timing metavuln:cache:put:security-advisory:qs:vVSN+MRVpdux32gCUfPGidHUGmS/0G5Ziwtmb1YXw3NARw1r47LtySeR7yFf/LZ4sKzi41443WWDDZzPHuCh9g== Completed in 18ms
122 timing metavuln:calculate:security-advisory:qs:1113161 Completed in 134ms
123 timing metavuln:cache:put:security-advisory:qs:qvnFu5Nxt6nk4ZnzBM90Jkp6uhl+WmmOIhp+23qQRnTmnSs41hgsdsDx5uj/JdS2OgYbGnp6tGqfy7F4YN2CIQ== Completed in 20ms
124 timing metavuln:calculate:security-advisory:qs:1119502 Completed in 134ms
125 http fetch GET 200 https://registry.npmjs.org/cloudinary/-/cloudinary-1.41.3.tgz 582ms (cache miss)
126 timing reifyNode:node_modules/cloudinary Completed in 658ms
127 http fetch GET 200 https://registry.npmjs.org/cloudinary 271ms (cache miss)
128 timing metavuln:packument:cloudinary Completed in 273ms
129 timing metavuln:load:security-advisory:cloudinary:1109723 Completed in 2ms
130 timing metavuln:cache:put:security-advisory:cloudinary:ntXsaU3LHYWLw70DcYQ7w6XC6ybnbCt76gAYmvGbO05taTCHTrgUEnQjGRSkWO2D54g/cQDsBT7fEnfxTClkPw== Completed in 11ms
131 timing metavuln:calculate:security-advisory:cloudinary:1109723 Completed in 288ms
132 timing metavuln:cache:get:security-advisory:multer-storage-cloudinary:/4bXeGbutUGVhiNx2wXVOxhpuqRuiwy2v7fwBhZfKYOaVldHpbCr5oeW6/GxUN/YrhnWMjZtsp1jIm1cm2vL+g== Completed in 2ms
133 http fetch GET 200 https://registry.npmjs.org/cloudinary-core/-/cloudinary-core-2.14.1.tgz 686ms (cache miss)
134 timing reifyNode:node_modules/cloudinary-core Completed in 746ms
135 http fetch GET 200 https://registry.npmjs.org/multer-storage-cloudinary 241ms (cache miss)
136 timing metavuln:packument:multer-storage-cloudinary Completed in 241ms
137 timing metavuln:load:security-advisory:multer-storage-cloudinary:ntXsaU3LHYWLw70DcYQ7w6XC6ybnbCt76gAYmvGbO05taTCHTrgUEnQjGRSkWO2D54g/cQDsBT7fEnfxTClkPw== Completed in 1ms
138 timing metavuln:cache:put:security-advisory:multer-storage-cloudinary:/4bXeGbutUGVhiNx2wXVOxhpuqRuiwy2v7fwBhZfKYOaVldHpbCr5oeW6/GxUN/YrhnWMjZtsp1jIm1cm2vL+g== Completed in 10ms
139 timing metavuln:calculate:security-advisory:multer-storage-cloudinary:ntXsaU3LHYWLw70DcYQ7w6XC6ybnbCt76gAYmvGbO05taTCHTrgUEnQjGRSkWO2D54g/cQDsBT7fEnfxTClkPw== Completed in 253ms
140 timing metavuln:cache:get:security-advisory:router:O/l1vLzjCknUNj45RgohJijU8Mzds73w76LwYICrMjH63gjwM5q290WiN2AIhXeR926ZiqA7Y0ur46O9XjkfGQ== Completed in 2ms
141 http fetch GET 200 https://registry.npmjs.org/router 57ms (cache miss)
142 timing metavuln:packument:router Completed in 58ms
143 timing metavuln:load:security-advisory:router:wYg22v1NfNY6WIsBiruQsrpd8+Ecg01qP1ndZVzVqkuraEYAqQXQwLJeDomBFbS+6cgu5Es7iYz9S6VvR56mIA== Completed in 2ms
144 timing metavuln:cache:put:security-advisory:router:O/l1vLzjCknUNj45RgohJijU8Mzds73w76LwYICrMjH63gjwM5q290WiN2AIhXeR926ZiqA7Y0ur46O9XjkfGQ== Completed in 10ms
145 timing metavuln:calculate:security-advisory:router:wYg22v1NfNY6WIsBiruQsrpd8+Ecg01qP1ndZVzVqkuraEYAqQXQwLJeDomBFbS+6cgu5Es7iYz9S6VvR56mIA== Completed in 71ms
146 timing metavuln:cache:get:security-advisory:body-parser:1Yc+dowQaQUfpQUvOBdqD7V3KCvvUOMOzNtvDs1aIPWV7RKfJLiDxd+dz5dYw4VpSHD1qZNn6kgDSkeBJuZ/og== Completed in 2ms
147 timing metavuln:cache:get:security-advisory:express:qaWvda/YwJE/SKLGmXsOYcBWoBFSv7SDjwMkv+7ODkTKtopoaPNSCBK6OI4Bqa5NpSZmzz99V4cwrzmvwPb1Wg== Completed in 1ms
148 http fetch GET 200 https://registry.npmjs.org/body-parser 60ms (cache miss)
149 timing metavuln:packument:body-parser Completed in 61ms
150 timing metavuln:load:security-advisory:body-parser:qvnFu5Nxt6nk4ZnzBM90Jkp6uhl+WmmOIhp+23qQRnTmnSs41hgsdsDx5uj/JdS2OgYbGnp6tGqfy7F4YN2CIQ== Completed in 24ms
151 timing metavuln:cache:put:security-advisory:body-parser:1Yc+dowQaQUfpQUvOBdqD7V3KCvvUOMOzNtvDs1aIPWV7RKfJLiDxd+dz5dYw4VpSHD1qZNn6kgDSkeBJuZ/og== Completed in 14ms
152 timing metavuln:calculate:security-advisory:body-parser:qvnFu5Nxt6nk4ZnzBM90Jkp6uhl+WmmOIhp+23qQRnTmnSs41hgsdsDx5uj/JdS2OgYbGnp6tGqfy7F4YN2CIQ== Completed in 100ms
153 http fetch GET 200 https://registry.npmjs.org/express 102ms (cache miss)
154 timing metavuln:packument:express Completed in 104ms
155 timing metavuln:load:security-advisory:express:qvnFu5Nxt6nk4ZnzBM90Jkp6uhl+WmmOIhp+23qQRnTmnSs41hgsdsDx5uj/JdS2OgYbGnp6tGqfy7F4YN2CIQ== Completed in 4ms
156 timing metavuln:cache:put:security-advisory:express:qaWvda/YwJE/SKLGmXsOYcBWoBFSv7SDjwMkv+7ODkTKtopoaPNSCBK6OI4Bqa5NpSZmzz99V4cwrzmvwPb1Wg== Completed in 8ms
157 timing metavuln:calculate:security-advisory:express:qvnFu5Nxt6nk4ZnzBM90Jkp6uhl+WmmOIhp+23qQRnTmnSs41hgsdsDx5uj/JdS2OgYbGnp6tGqfy7F4YN2CIQ== Completed in 117ms
158 timing auditReport:init Completed in 734ms
159 timing reify:audit Completed in 1128ms
160 http fetch GET 200 https://registry.npmjs.org/lodash/-/lodash-4.18.1.tgz 1817ms (cache miss)
161 timing reifyNode:node_modules/lodash Completed in 1877ms
162 http fetch GET 200 https://registry.npmjs.org/core-js/-/core-js-3.49.0.tgz 4498ms (cache miss)
163 timing reifyNode:node_modules/core-js Completed in 4559ms
164 timing reify:unpack Completed in 4560ms
165 timing reify:unretire Completed in 0ms
166 timing build:queue Completed in 1ms
167 info run core-js@3.49.0 postinstall node_modules/core-js node -e "try{require('./postinstall')}catch(e){}"
168 info run core-js@3.49.0 postinstall { code: 0, signal: null }
169 timing build:run:postinstall:node_modules/core-js Completed in 84ms
170 timing build:run:postinstall Completed in 84ms
171 timing build:deps Completed in 86ms
172 timing build Completed in 86ms
173 timing reify:build Completed in 86ms
174 timing reify:trash Completed in 0ms
175 timing reify:save Completed in 18ms
176 timing reify Completed in 4756ms
177 silly ADD node_modules/util-deprecate
178 silly ADD node_modules/typedarray
179 silly ADD node_modules/string_decoder
180 silly ADD node_modules/streamsearch
181 silly ADD node_modules/readable-stream
182 silly ADD node_modules/q
183 silly ADD node_modules/multer-storage-cloudinary
184 silly ADD node_modules/multer
185 silly ADD node_modules/multer/node_modules/type-is
186 silly ADD node_modules/multer/node_modules/mime-types
187 silly ADD node_modules/multer/node_modules/mime-db
188 silly ADD node_modules/multer/node_modules/media-typer
189 silly ADD node_modules/lodash
190 silly ADD node_modules/core-js
191 silly ADD node_modules/concat-stream
192 silly ADD node_modules/cloudinary-core
193 silly ADD node_modules/cloudinary
194 silly ADD node_modules/busboy
195 silly ADD node_modules/buffer-from
196 silly ADD node_modules/append-field
197 timing command:install Completed in 4764ms
198 verbose exit 0
199 timing npm Completed in 5087ms
200 info ok
